<?xml version="1.0" encoding="UTF-8"?>
<!-- Generated by org.testng.reporters.JUnitReportReporter -->
<testsuite skipped="0" hostname="LAPTOP-0UKO8IEB" name="qaclickacademy.mavenjava.three_restAPITest" tests="2" failures="0" timestamp="2021-02-04T12:32:53 IST" time="0.000" errors="0">
  <testcase name="postJira" time="0.000" classname="qaclickacademy.mavenjava.three_restAPITest"/>
  <system-out/>
  <testcase name="deleteTwitter" time="0.000" classname="qaclickacademy.mavenjava.three_restAPITest"/>
  <system-out/>
</testsuite> <!-- qaclickacademy.mavenjava.three_restAPITest -->
