<?xml version="1.0" encoding="UTF-8"?>
<!-- Generated by org.testng.reporters.JUnitReportReporter -->
<testsuite skipped="0" hostname="LAPTOP-0UKO8IEB" name="qaclickacademy.mavenjava.two_appiumTest" tests="2" failures="0" timestamp="2021-02-04T12:33:21 IST" time="0.008" errors="0">
  <testcase name="nativeAppsAndroid" time="0.001" classname="qaclickacademy.mavenjava.two_appiumTest"/>
  <system-out/>
  <testcase name="iosApps" time="0.007" classname="qaclickacademy.mavenjava.two_appiumTest"/>
  <system-out/>
</testsuite> <!-- qaclickacademy.mavenjava.two_appiumTest -->
