<?xml version="1.0" encoding="UTF-8"?>
<!-- Generated by org.testng.reporters.JUnitReportReporter -->
<testsuite skipped="0" hostname="LAPTOP-0UKO8IEB" name="qaclickacademy.mavenjava.one_seleniumTest" tests="2" failures="0" timestamp="2021-02-04T12:33:21 IST" time="0.001" errors="0">
  <testcase name="browserAutomation" time="0.000" classname="qaclickacademy.mavenjava.one_seleniumTest"/>
  <system-out/>
  <testcase name="elementUi" time="0.001" classname="qaclickacademy.mavenjava.one_seleniumTest"/>
  <system-out/>
</testsuite> <!-- qaclickacademy.mavenjava.one_seleniumTest -->
